============================================================
Deployment   : GD1018
Current time : 10/25/18 1:26:37 PM
Start at     : 10/26/18 12:00:00 PM
Comment:
Swapping out Grammanik Bank Deep site 400kHZ ADCP Rick Nemeth on Oct 26, 2018 
------------------------------------------------------------
Profile interval      (s) : 3600
Number of cells           : 35
Cell size             (m) : 2.00
Blanking distance     (m) : 1.00
Measurement load      (%) : 67
Average interval      (s) : 60
Power level               : HIGH
Wave data collection      : DISABLED
Compass upd. rate     (s) : 3600
Coordinate System         : ENU
Speed of sound      (m/s) : MEASURED
Salinity            (ppt) : 35
Analog input 1            : NONE
Analog input 2            : NONE
Analog input power out    : DISABLED
File wrapping             : OFF
TellTale                  : OFF
Acoustic modem            : OFF
Serial output             : ON
Baud rate                 : 9600
------------------------------------------------------------
Assumed duration   (days) : 260.0
Battery utilization   (%) : 80.0
Battery level         (V) : 11.7
Recorder size        (MB) : 9
Recorder free space  (MB) : 8.731
Memory required      (MB) : 2.1
Vertical vel. prec (cm/s) : 1.1
Horizon. vel. prec (cm/s) : 3.3
------------------------------------------------------------
Instrument ID             : AQD13466
Head ID                   : AQP 9073
Firmware version          : 3.40
------------------------------------------------------------
AquaPro Version 1.37.01
Copyright (C) Nortek AS
============================================================
