============================================================
Deployment   : GB0814
Current time : 8/8/2014 6:50:37 PM
Start at     : 8/8/2014 2:00:00 PM
Comment:
Deployment by Rick et al. to swap out Grammanik Bank on  August 9 at 2 PM GMT
------------------------------------------------------------
Profile interval      (s) : 3600
Number of cells           : 20
Cell size             (m) : 2.00
Blanking distance     (m) : 0.50
Measurement load      (%) : 50
Average interval      (s) : 60
Power level               : HIGH
Wave data collection      : DISABLED
Compass upd. rate     (s) : 3600
Coordinate System         : ENU
Speed of sound      (m/s) : MEASURED
Salinity            (ppt) : 35
Analog input 1            : NONE
Analog input 2            : NONE
Analog input power out    : DISABLED
File wrapping             : OFF
TellTale                  : OFF
Acoustic modem            : OFF
Serial output             : OFF
Baud rate                 : 9600
------------------------------------------------------------
Assumed duration   (days) : 90.0
Battery utilization   (%) : 47.0
Battery level         (V) : 11.3
Recorder size        (MB) : 161
Recorder free space  (MB) : 153.336
Memory required      (MB) : 0.4
Vertical vel. prec (cm/s) : 0.7
Horizon. vel. prec (cm/s) : 2.2
------------------------------------------------------------
Instrument ID             : AQD 1535
Head ID                   : AQP 1287
Firmware version          : 1.17
------------------------------------------------------------
AquaPro Version 1.37.01
Copyright (C) Nortek AS
============================================================
