============================================================
Deployment   : GBD718
Current time : 7/20/18 5:46:12 PM
Start at     : 7/23/18 12:00:00 PM
Comment:
Deep Grammanik Bank Site swap out, need to put this 400kHz ADCP there
------------------------------------------------------------
Profile interval      (s) : 3600
Number of cells           : 35
Cell size             (m) : 2.00
Blanking distance     (m) : 1.00
Measurement load      (%) : 67
Average interval      (s) : 60
Power level               : HIGH
Wave data collection      : DISABLED
Compass upd. rate     (s) : 3600
Coordinate System         : ENU
Speed of sound      (m/s) : MEASURED
Salinity            (ppt) : 35
Analog input 1            : NONE
Analog input 2            : NONE
Analog input power out    : DISABLED
File wrapping             : OFF
TellTale                  : OFF
Acoustic modem            : OFF
Serial output             : ON
Baud rate                 : 9600
------------------------------------------------------------
Assumed duration   (days) : 260.0
Battery utilization   (%) : 80.0
Battery level         (V) : 11.7
Recorder size        (MB) : 9
Recorder free space  (MB) : 8.478
Memory required      (MB) : 2.1
Vertical vel. prec (cm/s) : 1.1
Horizon. vel. prec (cm/s) : 3.3
------------------------------------------------------------
Instrument ID             : AQD13466
Head ID                   : AQP 9073
Firmware version          : 3.40
------------------------------------------------------------
AquaPro Version 1.37.01
Copyright (C) Nortek AS
============================================================



============================================================
Deployment   : GBD718
Current time : 7/20/18 6:08:21 PM
Start at     : 7/23/18 12:00:00 PM
Comment:
Deep Grammanik Bank site swap with the 400kHz ADCP that is needed there
------------------------------------------------------------
Profile interval      (s) : 3600
Number of cells           : 35
Cell size             (m) : 2.00
Blanking distance     (m) : 1.00
Measurement load      (%) : 67
Average interval      (s) : 60
Power level               : HIGH
Wave data collection      : DISABLED
Compass upd. rate     (s) : 3600
Coordinate System         : ENU
Speed of sound      (m/s) : MEASURED
Salinity            (ppt) : 35
Analog input 1            : NONE
Analog input 2            : NONE
Analog input power out    : DISABLED
File wrapping             : OFF
TellTale                  : OFF
Acoustic modem            : OFF
Serial output             : ON
Baud rate                 : 9600
------------------------------------------------------------
Assumed duration   (days) : 260.0
Battery utilization   (%) : 80.0
Battery level         (V) : 11.7
Recorder size        (MB) : 9
Recorder free space  (MB) : 8.478
Memory required      (MB) : 2.1
Vertical vel. prec (cm/s) : 1.1
Horizon. vel. prec (cm/s) : 3.3
------------------------------------------------------------
Instrument ID             : AQD13466
Head ID                   : AQP 9073
Firmware version          : 3.40
------------------------------------------------------------
AquaPro Version 1.37.01
Copyright (C) Nortek AS
============================================================
