============================================================
Deployment   : TiAp08
Current time : 4/9/2008 5:58:52 PM
Start at     : 4/10/2008 6:00:00 PM
Comment:
1.5 meter cells
180 days
Lithium Ion #0020 - ADCP #1531
------------------------------------------------------------
Profile interval      (s) : 3600
Number of cells           : 24
Cell size             (m) : 1.50
Average interval      (s) : 60
Blanking distance     (m) : 0.51
Number of wave samples    : N/A
Wave interval         (s) : N/A
Wave sampling rate   (Hz) : N/A
Wave cell size        (m) : N/A
Measurement load      (%) : 100
Power level               : HIGH-
Compass upd. rate     (s) : 1800
Coordinate System         : ENU
Speed of sound      (m/s) : MEASURED
Salinity            (ppt) : 35
File wrapping             : OFF
------------------------------------------------------------
Assumed duration   (days) : 180.0
Battery utilization   (%) : 100.0
Battery level         (V) : 11.9
Recorder size        (MB) : 161
Recorder free space  (MB) : 161.000
Memory required      (MB) : 1.0
Vertical vel. prec (cm/s) : 0.7
Horizon. vel. prec (cm/s) : 2.1
------------------------------------------------------------
AquaPro Version 1.27
Copyright (C) 1997-2005 Nortek AS
============================================================
