============================================================
Deployment   : HB0515
Current time : 5/18/15 9:02:02 PM
Start at     : 5/19/15 2:00:00 PM
Comment:
Hind Bank ADCP deployed on May 19, 2015 by Rick Nemeth
------------------------------------------------------------
Profile interval      (s) : 3600
Number of cells           : 20
Cell size             (m) : 2.00
Blanking distance     (m) : 0.50
Measurement load      (%) : 50
Average interval      (s) : 60
Power level               : HIGH
Wave data collection      : DISABLED
Compass upd. rate     (s) : 3600
Coordinate System         : ENU
Speed of sound      (m/s) : MEASURED
Salinity            (ppt) : 35
Analog input 1            : NONE
Analog input 2            : NONE
Analog input power out    : DISABLED
File wrapping             : OFF
TellTale                  : OFF
Acoustic modem            : OFF
Serial output             : ON
Baud rate                 : 9600
------------------------------------------------------------
Assumed duration   (days) : 30.0
Battery utilization   (%) : 15.0
Battery level         (V) : 12.0
Recorder size        (MB) : 161
Recorder free space  (MB) : 160.973
Memory required      (MB) : 0.1
Vertical vel. prec (cm/s) : 0.7
Horizon. vel. prec (cm/s) : 2.2
------------------------------------------------------------
Instrument ID             : AQD 1531
Head ID                   : AQP 1286   
Firmware version          : 1.17
------------------------------------------------------------
AquaPro Version 1.37.01
Copyright (C) Nortek AS
============================================================
