============================================================
Deployment   : HBOc06
Current time : 10/4/2006 3:22:14 PM
Start at     : 10/5/2006 6:00:00 PM
Comment:
New Li-Ion battery installed 10/04/06 P/N 0020
Aquapro Ver 1.27
92 day deployment target date for retrieval Jan 5, 2007
------------------------------------------------------------
Profile interval      (s) : 1800
Number of cells           : 26
Cell size             (m) : 1.50
Average interval      (s) : 60
Blanking distance     (m) : 0.50
Number of wave samples    : N/A
Wave interval         (s) : N/A
Wave sampling rate   (Hz) : N/A
Wave cell size        (m) : N/A
Measurement load      (%) : 100
Power level               : HIGH-
Compass upd. rate     (s) : 1800
Coordinate System         : ENU
Speed of sound      (m/s) : MEASURED
Salinity            (ppt) : 35
File wrapping             : OFF
------------------------------------------------------------
Assumed duration   (days) : 90.0
Battery utilization   (%) : 98.0
Battery level         (V) : 12.0
Recorder size        (MB) : 161
Recorder free space  (MB) : 161.000
Memory required      (MB) : 1.1
Vertical vel. prec (cm/s) : 0.7
Horizon. vel. prec (cm/s) : 2.1
------------------------------------------------------------
AquaPro Version 1.27
Copyright (C) 1997-2005 Nortek AS
============================================================



============================================================
Deployment   : HBOc06
Current time : 10/9/2006 11:44:45 AM
Start at     : 10/10/2006 6:00:00 PM
Comment:
New lithium-ion rechargable
92 day deployment 
target date for retrieval = Jan 10
------------------------------------------------------------
Profile interval      (s) : 1800
Number of cells           : 26
Cell size             (m) : 1.50
Average interval      (s) : 60
Blanking distance     (m) : 0.51
Number of wave samples    : N/A
Wave interval         (s) : N/A
Wave sampling rate   (Hz) : N/A
Wave cell size        (m) : N/A
Measurement load      (%) : 100
Power level               : HIGH-
Compass upd. rate     (s) : 1800
Coordinate System         : ENU
Speed of sound      (m/s) : MEASURED
Salinity            (ppt) : 35
File wrapping             : OFF
------------------------------------------------------------
Assumed duration   (days) : 92.0
Battery utilization   (%) : 100.0
Battery level         (V) : 12.0
Recorder size        (MB) : 161
Recorder free space  (MB) : 161.000
Memory required      (MB) : 1.1
Vertical vel. prec (cm/s) : 0.7
Horizon. vel. prec (cm/s) : 2.1
------------------------------------------------------------
AquaPro Version 1.27
Copyright (C) 1997-2005 Nortek AS
============================================================



============================================================
Deployment   : HBOc06
Current time : 10/10/2006 2:43:26 PM
Start at     : 10/11/2006 6:00:00 PM
Comment:
New litium - Ion rechargable battery
Aquapro Ver 1.27
90 day deployment = Jan 9, 2007
------------------------------------------------------------
Profile interval      (s) : 1800
Number of cells           : 26
Cell size             (m) : 1.50
Average interval      (s) : 60
Blanking distance     (m) : 0.50
Number of wave samples    : N/A
Wave interval         (s) : N/A
Wave sampling rate   (Hz) : N/A
Wave cell size        (m) : N/A
Measurement load      (%) : 100
Power level               : HIGH-
Compass upd. rate     (s) : 1800
Coordinate System         : ENU
Speed of sound      (m/s) : MEASURED
Salinity            (ppt) : 35
File wrapping             : OFF
------------------------------------------------------------
Assumed duration   (days) : 90.0
Battery utilization   (%) : 98.0
Battery level         (V) : 11.9
Recorder size        (MB) : 161
Recorder free space  (MB) : 161.000
Memory required      (MB) : 1.1
Vertical vel. prec (cm/s) : 0.7
Horizon. vel. prec (cm/s) : 2.1
------------------------------------------------------------
AquaPro Version 1.27
Copyright (C) 1997-2005 Nortek AS
============================================================
