============================================================
Deployment   : GB0418
Current time : 4/17/18 6:18:37 PM
Start at     : 4/18/18 12:00:00 PM
Comment:
Grammanik Bank swap by Rick and Shaun on 4/18/18
------------------------------------------------------------
Profile interval      (s) : 3600
Number of cells           : 20
Cell size             (m) : 2.00
Blanking distance     (m) : 1.00
Measurement load      (%) : 100
Average interval      (s) : 60
Power level               : HIGH
Wave data collection      : DISABLED
Compass upd. rate     (s) : 3600
Coordinate System         : ENU
Speed of sound      (m/s) : MEASURED
Salinity            (ppt) : 35
Analog input 1            : NONE
Analog input 2            : NONE
Analog input power out    : DISABLED
File wrapping             : OFF
TellTale                  : ON
Acoustic modem            : ON
Serial output             : ON
Baud rate                 : 9600
------------------------------------------------------------
Assumed duration   (days) : 120.0
Battery utilization   (%) : 87.0
Battery level         (V) : 12.0
Recorder size        (MB) : 9
Recorder free space  (MB) : 8.973
Memory required      (MB) : 0.6
Vertical vel. prec (cm/s) : 0.9
Horizon. vel. prec (cm/s) : 2.7
------------------------------------------------------------
Instrument ID             : AQD13466
Head ID                   : AQP 9073
Firmware version          : 3.40
------------------------------------------------------------
AquaPro Version 1.37.01
Copyright (C) Nortek AS
============================================================
