============================================================
Deployment   : GB0719
Current time : 7/19/19 6:20:59 PM
Start at     : 7/22/19 12:00:00 PM
Comment:
Grammanik Bank swap by Shaun or Rick in July, exacct date to be determined
------------------------------------------------------------
Profile interval      (s) : 3600
Number of cells           : 20
Cell size             (m) : 2.00
Blanking distance     (m) : 0.50
Measurement load      (%) : 50
Average interval      (s) : 60
Power level               : HIGH
Wave data collection      : DISABLED
Compass upd. rate     (s) : 3600
Coordinate System         : ENU
Speed of sound      (m/s) : MEASURED
Salinity            (ppt) : 35
Analog input 1            : NONE
Analog input 2            : NONE
Analog input power out    : DISABLED
File wrapping             : OFF
TellTale                  : OFF
Acoustic modem            : OFF
Serial output             : ON
Baud rate                 : 9600
------------------------------------------------------------
Assumed duration   (days) : 180.0
Battery utilization   (%) : 94.0
Battery level         (V) : 12.0
Recorder size        (MB) : 161
Recorder free space  (MB) : 158.404
Memory required      (MB) : 0.9
Vertical vel. prec (cm/s) : 0.7
Horizon. vel. prec (cm/s) : 2.2
------------------------------------------------------------
Instrument ID             : AQD 1535
Head ID                   : AQP 1287
Firmware version          : 1.17
------------------------------------------------------------
AquaPro Version 1.37.01
Copyright (C) Nortek AS
============================================================
