============================================================
Deployment   : HB0413
Current time : 5/2/2013 4:05:13 PM
Start at     : 5/2/2013 10:00:00 PM
Comment:
Time in GMT
------------------------------------------------------------
Profile interval      (s) : 3600
Number of cells           : 20
Cell size             (m) : 2.00
Blanking distance     (m) : 0.50
Measurement load      (%) : 50
Average interval      (s) : 60
Power level               : HIGH
Number of wave samples    : N/A
Wave interval         (s) : N/A
Wave sampling rate   (Hz) : N/A
Wave cell size        (m) : N/A
Compass upd. rate     (s) : 3600
Coordinate System         : ENU
Speed of sound      (m/s) : MEASURED
Salinity            (ppt) : 35
Analog input 1            : NONE
Analog input 2            : NONE
Analog input power out    : DISABLED
File wrapping             : OFF
Serial output/TellTale    : OFF
------------------------------------------------------------
Assumed duration   (days) : 90.0
Battery utilization   (%) : 47.0
Battery level         (V) : 12.0
Recorder size        (MB) : 161
Recorder free space  (MB) : 155.099
Memory required      (MB) : 0.4
Vertical vel. prec (cm/s) : 0.7
Horizon. vel. prec (cm/s) : 2.2
------------------------------------------------------------
Instrument ID             : AQD 1545
Head ID                   : AQP 1304
Firmware version          : 1.13
------------------------------------------------------------
AquaPro Version 1.34
Copyright (C) Nortek AS
============================================================
