============================================================
Deployment   : Aug06
Current time : 8/15/2006 9:56:40 AM
Start at     : 8/15/2006 6:00:00 PM
Comment:
New alkaline battery installed 8/15/06
Aquapro Ver 1.27
90 day deployment
------------------------------------------------------------
Profile interval      (s) : 1800
Number of cells           : 26
Cell size             (m) : 1.50
Average interval      (s) : 60
Blanking distance     (m) : 0.51
Number of wave samples    : N/A
Wave interval         (s) : N/A
Wave sampling rate   (Hz) : N/A
Wave cell size        (m) : N/A
Measurement load      (%) : 100
Power level               : HIGH-
Compass upd. rate     (s) : 1800
Coordinate System         : ENU
Speed of sound      (m/s) : MEASURED
Salinity            (ppt) : 35
File wrapping             : OFF
------------------------------------------------------------
Assumed duration   (days) : 90.0
Battery utilization   (%) : 98.0
Battery level         (V) : 14.0
Recorder size        (MB) : 161
Recorder free space  (MB) : 154.638
Memory required      (MB) : 1.1
Vertical vel. prec (cm/s) : 0.7
Horizon. vel. prec (cm/s) : 2.1
------------------------------------------------------------
AquaPro Version 1.27
Copyright (C) 1997-2005 Nortek AS
============================================================
