============================================================
Deployment   : TiMa07
Current time : 5/3/2007 11:59:07 AM
Start at     : 5/3/2007 1:00:00 PM
Comment:

------------------------------------------------------------
Profile interval      (s) : 1800
Number of cells           : 24
Cell size             (m) : 1.50
Average interval      (s) : 60
Blanking distance     (m) : 0.51
Number of wave samples    : N/A
Wave interval         (s) : N/A
Wave sampling rate   (Hz) : N/A
Wave cell size        (m) : N/A
Measurement load      (%) : 100
Power level               : HIGH-
Compass upd. rate     (s) : 1800
Coordinate System         : ENU
Speed of sound      (m/s) : MEASURED
Salinity            (ppt) : 35
File wrapping             : OFF
------------------------------------------------------------
Assumed duration   (days) : 30.0
Battery utilization   (%) : 31.0
Battery level         (V) : 12.0
Recorder size        (MB) : 161
Recorder free space  (MB) : 159.153
Memory required      (MB) : 0.3
Vertical vel. prec (cm/s) : 0.7
Horizon. vel. prec (cm/s) : 2.1
------------------------------------------------------------
AquaPro Version 1.27
Copyright (C) 1997-2005 Nortek AS
============================================================
