============================================================
Deployment   : hindbk
Current time : 2/8/2005 3:38:00 PM
Start at     : 2/8/2005 3:37:00 PM
Comment:

------------------------------------------------------------
Profile interval      (s) : 1800
Number of cells           : 45
Cell size             (m) : 1.00
Average interval      (s) : 60
Blanking distance     (m) : 0.50
Number of wave samples    : N/A
Wave interval         (s) : N/A
Wave sampling rate   (Hz) : N/A
Wave cell size        (m) : N/A
Measurement load      (%) : 100
Power level               : HIGH
Compass upd. rate     (s) : 1800
Coordinate System         : ENU
Speed of sound      (m/s) : MEASURED
Salinity            (ppt) : 35
File wrapping             : OFF
------------------------------------------------------------
Assumed duration   (days) : 30.0
Battery utilization   (%) : 39.0
Battery level         (V) : 15.3
Recorder size        (MB) : 161
Recorder free space  (MB) : 161.000
Memory required      (MB) : 0.6
Vertical vel. prec (cm/s) : 1.0
Horizon. vel. prec (cm/s) : 3.1
------------------------------------------------------------
AquaPro Version 1.25
Copyright (C) 1997-2004 Nortek AS
============================================================



============================================================
Deployment   : hindbk
Current time : 9/16/2005 3:54:42 PM
Start at     : 9/19/2005 6:00:00 PM
Comment:
new lithium battery installed 9/16 volt=11.3
------------------------------------------------------------
Profile interval      (s) : 1800
Number of cells           : 45
Cell size             (m) : 1.00
Average interval      (s) : 60
Blanking distance     (m) : 0.50
Number of wave samples    : N/A
Wave interval         (s) : N/A
Wave sampling rate   (Hz) : N/A
Wave cell size        (m) : N/A
Measurement load      (%) : 100
Power level               : HIGH
Compass upd. rate     (s) : 1800
Coordinate System         : ENU
Speed of sound      (m/s) : MEASURED
Salinity            (ppt) : 35
File wrapping             : OFF
------------------------------------------------------------
Assumed duration   (days) : 240.0
Battery utilization   (%) : 312.0
Battery level         (V) : 11.4
Recorder size        (MB) : 161
Recorder free space  (MB) : 159.211
Memory required      (MB) : 4.8
Vertical vel. prec (cm/s) : 1.0
Horizon. vel. prec (cm/s) : 3.1
------------------------------------------------------------
AquaPro Version 1.25
Copyright (C) 1997-2004 Nortek AS
============================================================



============================================================
Deployment   : hindbk
Current time : 9/16/2005 4:12:34 PM
Start at     : 9/19/2005 6:00:00 PM
Comment:
new lithium battery installed 9/16 volt=11.3
------------------------------------------------------------
Profile interval      (s) : 1800
Number of cells           : 45
Cell size             (m) : 1.00
Average interval      (s) : 60
Blanking distance     (m) : 0.50
Number of wave samples    : N/A
Wave interval         (s) : N/A
Wave sampling rate   (Hz) : N/A
Wave cell size        (m) : N/A
Measurement load      (%) : 100
Power level               : HIGH
Compass upd. rate     (s) : 1800
Coordinate System         : ENU
Speed of sound      (m/s) : MEASURED
Salinity            (ppt) : 35
File wrapping             : OFF
------------------------------------------------------------
Assumed duration   (days) : 240.0
Battery utilization   (%) : 312.0
Battery level         (V) : 11.4
Recorder size        (MB) : 161
Recorder free space  (MB) : 159.211
Memory required      (MB) : 4.8
Vertical vel. prec (cm/s) : 1.0
Horizon. vel. prec (cm/s) : 3.1
------------------------------------------------------------
AquaPro Version 1.25
Copyright (C) 1997-2004 Nortek AS
============================================================
