============================================================
Deployment   : GBD519
Current time : 5/6/19 2:50:07 PM
Start at     : 5/7/19 12:00:00 PM
Comment:
Grammanik Bank Deep site being swapped out by Rick Nemeth and crew on May 7 2019
------------------------------------------------------------
Profile interval      (s) : 3600
Number of cells           : 35
Cell size             (m) : 2.00
Blanking distance     (m) : 1.00
Measurement load      (%) : 67
Average interval      (s) : 60
Power level               : HIGH
Wave data collection      : DISABLED
Compass upd. rate     (s) : 3600
Coordinate System         : ENU
Speed of sound      (m/s) : MEASURED
Salinity            (ppt) : 35
Analog input 1            : NONE
Analog input 2            : NONE
Analog input power out    : DISABLED
File wrapping             : OFF
TellTale                  : OFF
Acoustic modem            : OFF
Serial output             : ON
Baud rate                 : 9600
------------------------------------------------------------
Assumed duration   (days) : 300.0
Battery utilization   (%) : 92.0
Battery level         (V) : 11.6
Recorder size        (MB) : 9
Recorder free space  (MB) : 8.972
Memory required      (MB) : 2.4
Vertical vel. prec (cm/s) : 1.1
Horizon. vel. prec (cm/s) : 3.3
------------------------------------------------------------
Instrument ID             : AQD13311
Head ID                   : AQP 8781
Firmware version          : 3.40
------------------------------------------------------------
AquaPro Version 1.37.01
Copyright (C) Nortek AS
============================================================
