============================================================
Deployment   : GBank
Current time : 5/25/2005 11:35:34 AM
Start at     : 5/25/2005 6:00:00 PM
Comment:
Deployed 5/25/05 started at 18:00
New alkaline batteris installed
deployment config file offshore 1 hour
------------------------------------------------------------
Profile interval      (s) : 3600
Number of cells           : 45
Cell size             (m) : 1.00
Average interval      (s) : 60
Blanking distance     (m) : 0.50
Number of wave samples    : N/A
Wave interval         (s) : N/A
Wave sampling rate   (Hz) : N/A
Wave cell size        (m) : N/A
Measurement load      (%) : 100
Power level               : HIGH
Compass upd. rate     (s) : 3600
Coordinate System         : ENU
Speed of sound      (m/s) : MEASURED
Salinity            (ppt) : 35
File wrapping             : OFF
------------------------------------------------------------
Assumed duration   (days) : 90.0
Battery utilization   (%) : 61.0
Battery level         (V) : 14.2
Recorder size        (MB) : 161
Recorder free space  (MB) : 161.000
Memory required      (MB) : 0.9
Vertical vel. prec (cm/s) : 1.0
Horizon. vel. prec (cm/s) : 3.1
------------------------------------------------------------
AquaPro Version 1.25
Copyright (C) 1997-2004 Nortek AS
============================================================



============================================================
Deployment   : GBank
Current time : 5/25/2005 11:37:15 AM
Start at     : 5/25/2005 11:37:00 AM
Comment:
Deployed 5/25/05 started at 18:00
New alkaline batteris installed
deployment config file offshore 1 hour
------------------------------------------------------------
Profile interval      (s) : 3600
Number of cells           : 45
Cell size             (m) : 1.00
Average interval      (s) : 60
Blanking distance     (m) : 0.50
Number of wave samples    : N/A
Wave interval         (s) : N/A
Wave sampling rate   (Hz) : N/A
Wave cell size        (m) : N/A
Measurement load      (%) : 100
Power level               : HIGH
Compass upd. rate     (s) : 3600
Coordinate System         : ENU
Speed of sound      (m/s) : MEASURED
Salinity            (ppt) : 35
File wrapping             : OFF
------------------------------------------------------------
Assumed duration   (days) : 90.0
Battery utilization   (%) : 61.0
Battery level         (V) : 14.2
Recorder size        (MB) : 161
Recorder free space  (MB) : 161.000
Memory required      (MB) : 0.9
Vertical vel. prec (cm/s) : 1.0
Horizon. vel. prec (cm/s) : 3.1
------------------------------------------------------------
AquaPro Version 1.25
Copyright (C) 1997-2004 Nortek AS
============================================================



============================================================
Deployment   : GBank
Current time : 5/25/2005 11:38:20 AM
Start at     : 5/25/2005 6:00:00 PM
Comment:
Deployed 5/25/05 started at 18:00
New alkaline batteris installed
deployment config file offshore 1 hour
------------------------------------------------------------
Profile interval      (s) : 3600
Number of cells           : 45
Cell size             (m) : 1.00
Average interval      (s) : 60
Blanking distance     (m) : 0.50
Number of wave samples    : N/A
Wave interval         (s) : N/A
Wave sampling rate   (Hz) : N/A
Wave cell size        (m) : N/A
Measurement load      (%) : 100
Power level               : HIGH
Compass upd. rate     (s) : 3600
Coordinate System         : ENU
Speed of sound      (m/s) : MEASURED
Salinity            (ppt) : 35
File wrapping             : OFF
------------------------------------------------------------
Assumed duration   (days) : 90.0
Battery utilization   (%) : 61.0
Battery level         (V) : 14.1
Recorder size        (MB) : 161
Recorder free space  (MB) : 161.000
Memory required      (MB) : 0.9
Vertical vel. prec (cm/s) : 1.0
Horizon. vel. prec (cm/s) : 3.1
------------------------------------------------------------
AquaPro Version 1.25
Copyright (C) 1997-2004 Nortek AS
============================================================
