============================================================
Deployment   : HB0816
Current time : 08/17/2016 7:31:29 PM
Start at     : 08/18/2016 12:00:00 PM
Comment:
Hind Bank ADCP Deployment 8/18/2016
------------------------------------------------------------
Profile interval      (s) : 3600
Number of cells           : 20
Cell size             (m) : 2.00
Blanking distance     (m) : 0.50
Measurement load      (%) : 50
Average interval      (s) : 60
Power level               : HIGH
Wave data collection      : DISABLED
Compass upd. rate     (s) : 3600
Coordinate System         : ENU
Speed of sound      (m/s) : MEASURED
Salinity            (ppt) : 35
Analog input 1            : NONE
Analog input 2            : NONE
Analog input power out    : DISABLED
File wrapping             : OFF
TellTale                  : OFF
Acoustic modem            : OFF
Serial output             : OFF
Baud rate                 : 9600
------------------------------------------------------------
Assumed duration   (days) : 180.0
Battery utilization   (%) : 94.0
Battery level         (V) : 12.0
Recorder size        (MB) : 161
Recorder free space  (MB) : 160.925
Memory required      (MB) : 0.9
Vertical vel. prec (cm/s) : 0.7
Horizon. vel. prec (cm/s) : 2.2
------------------------------------------------------------
Instrument ID             : AQD 1545
Head ID                   : AQP 1304
Firmware version          : 1.13
------------------------------------------------------------
AquaPro Version 1.37.04
Copyright (C) Nortek AS
============================================================
