============================================================
Deployment   : GB0316
Current time : 03/16/2016 2:48:34 PM
Start at     : 03/16/2016 10:46:43 AM
Comment:
ADCP deployment to Grammanik Bank on 16 March 2016 - Elizabeth Kadison in charge
------------------------------------------------------------
Profile interval      (s) : 3600
Number of cells           : 20
Cell size             (m) : 2.00
Blanking distance     (m) : 0.50
Measurement load      (%) : 50
Average interval      (s) : 60
Power level               : HIGH
Wave data collection      : DISABLED
Compass upd. rate     (s) : 3600
Coordinate System         : ENU
Speed of sound      (m/s) : MEASURED
Salinity            (ppt) : 35
Analog input 1            : NONE
Analog input 2            : NONE
Analog input power out    : DISABLED
File wrapping             : OFF
TellTale                  : OFF
Acoustic modem            : OFF
Serial output             : OFF
Baud rate                 : 9600
------------------------------------------------------------
Assumed duration   (days) : 180.0
Battery utilization   (%) : 94.0
Battery level         (V) : 11.2
Recorder size        (MB) : 161
Recorder free space  (MB) : 156.845
Memory required      (MB) : 0.9
Vertical vel. prec (cm/s) : 0.7
Horizon. vel. prec (cm/s) : 2.2
------------------------------------------------------------
Instrument ID             : AQD 1514
Head ID                   : AQP 1318
Firmware version          : 1.17
------------------------------------------------------------
AquaPro Version 1.37.04
Copyright (C) Nortek AS
============================================================



============================================================
Deployment   : GB0316
Current time : 03/16/2016 5:01:57 PM
Start at     : 03/16/2016 1:02:19 PM
Comment:
ACDP deployment to Grammanik Bank - Shaun Kadison leading
------------------------------------------------------------
Profile interval      (s) : 3600
Number of cells           : 20
Cell size             (m) : 2.00
Blanking distance     (m) : 0.50
Measurement load      (%) : 50
Average interval      (s) : 60
Power level               : HIGH
Wave data collection      : DISABLED
Compass upd. rate     (s) : 3600
Coordinate System         : ENU
Speed of sound      (m/s) : MEASURED
Salinity            (ppt) : 35
Analog input 1            : NONE
Analog input 2            : NONE
Analog input power out    : DISABLED
File wrapping             : OFF
TellTale                  : OFF
Acoustic modem            : OFF
Serial output             : OFF
Baud rate                 : 9600
------------------------------------------------------------
Assumed duration   (days) : 180.0
Battery utilization   (%) : 94.0
Battery level         (V) : 12.0
Recorder size        (MB) : 161
Recorder free space  (MB) : 156.845
Memory required      (MB) : 0.9
Vertical vel. prec (cm/s) : 0.7
Horizon. vel. prec (cm/s) : 2.2
------------------------------------------------------------
Instrument ID             : AQD 1514
Head ID                   : AQP 1318
Firmware version          : 1.17
------------------------------------------------------------
AquaPro Version 1.37.04
Copyright (C) Nortek AS
============================================================
