============================================================
Deployment   : 10610
Current time : 1/7/2010 9:17:28 AM
Start at     : 1/7/2010 6:00:00 PM
Comment:
SPAG Deployment 196 days @ 100% battery
------------------------------------------------------------
Profile interval      (s) : 3600
Number of cells           : 40
Cell size             (m) : 1.00
Average interval      (s) : 60
Blanking distance     (m) : 0.50
Measurement load      (%) : 100
Power level               : HIGH-
Number of wave samples    : N/A
Wave interval         (s) : N/A
Wave sampling rate   (Hz) : N/A
Wave cell size        (m) : N/A
Compass upd. rate     (s) : 3600
Coordinate System         : ENU
Speed of sound      (m/s) : MEASURED
Salinity            (ppt) : 35
Analog input 1            : NONE
Analog input 2            : NONE
Analog input power out    : DISABLED
File wrapping             : OFF
Serial output/TellTale    : OFF
------------------------------------------------------------
Assumed duration   (days) : 196.0
Battery utilization   (%) : 100.0
Battery level         (V) : 11.9
Recorder size        (MB) : 161
Recorder free space  (MB) : 160.112
Memory required      (MB) : 1.8
Vertical vel. prec (cm/s) : 1.0
Horizon. vel. prec (cm/s) : 3.1
------------------------------------------------------------
Instrument ID             : AQD 1551      
Head ID                   : AQP 1303
Firmware version          : 1.13
------------------------------------------------------------
AquaPro Version 1.31
Copyright (C) Nortek AS
============================================================
