============================================================
Deployment   : YF826
Current time : 8/25/2010 9:43:45 AM
Start at     : 8/26/2010 6:00:00 PM
Comment:
Grammanik Bank Yellow Fin SPAG august 26, 2010 
------------------------------------------------------------
Profile interval      (s) : 3600
Number of cells           : 40
Cell size             (m) : 1.00
Blanking distance     (m) : 0.50
Measurement load      (%) : 100
Average interval      (s) : 60
Power level               : HIGH-
Number of wave samples    : N/A
Wave interval         (s) : N/A
Wave sampling rate   (Hz) : N/A
Wave cell size        (m) : N/A
Compass upd. rate     (s) : 3600
Coordinate System         : ENU
Speed of sound      (m/s) : MEASURED
Salinity            (ppt) : 35
Analog input 1            : NONE
Analog input 2            : NONE
Analog input power out    : DISABLED
File wrapping             : OFF
Serial output/TellTale    : OFF
------------------------------------------------------------
Assumed duration   (days) : 195.0
Battery utilization   (%) : 99.0
Battery level         (V) : 12.0
Recorder size        (MB) : 161
Recorder free space  (MB) : 159.928
Memory required      (MB) : 1.7
Vertical vel. prec (cm/s) : 1.0
Horizon. vel. prec (cm/s) : 3.1
------------------------------------------------------------
Instrument ID             : AQD 1432
Head ID                   : AQP 1413
Firmware version          : 1.15
------------------------------------------------------------
AquaPro Version 1.34
Copyright (C) Nortek AS
============================================================
