============================================================
Deployment   : HBMa07
Current time : 5/3/2007 2:00:25 PM
Start at     : 5/3/2007 3:00:00 PM
Comment:
deployed 5/3/07
------------------------------------------------------------
Profile interval      (s) : 1800
Number of cells           : 26
Cell size             (m) : 1.50
Average interval      (s) : 60
Blanking distance     (m) : 0.51
Number of wave samples    : N/A
Wave interval         (s) : N/A
Wave sampling rate   (Hz) : N/A
Wave cell size        (m) : N/A
Measurement load      (%) : 100
Power level               : HIGH-
Compass upd. rate     (s) : 1800
Coordinate System         : ENU
Speed of sound      (m/s) : MEASURED
Salinity            (ppt) : 35
File wrapping             : OFF
------------------------------------------------------------
Assumed duration   (days) : 90.0
Battery utilization   (%) : 98.0
Battery level         (V) : 11.8
Recorder size        (MB) : 161
Recorder free space  (MB) : 159.148
Memory required      (MB) : 1.1
Vertical vel. prec (cm/s) : 0.7
Horizon. vel. prec (cm/s) : 2.1
------------------------------------------------------------
AquaPro Version 1.27
Copyright (C) 1997-2005 Nortek AS
============================================================
