============================================================
Deployment   : GBJu06
Current time : 6/13/2006 3:57:50 PM
Start at     : 6/14/2006 6:00:00 PM
Comment:
New Alkaline battery installed 6/13/06
92 day delpoyment

------------------------------------------------------------
Profile interval      (s) : 1800
Number of cells           : 24
Cell size             (m) : 1.50
Average interval      (s) : 60
Blanking distance     (m) : 0.50
Number of wave samples    : N/A
Wave interval         (s) : N/A
Wave sampling rate   (Hz) : N/A
Wave cell size        (m) : N/A
Measurement load      (%) : 100
Power level               : HIGH-
Compass upd. rate     (s) : 1800
Coordinate System         : ENU
Speed of sound      (m/s) : MEASURED
Salinity            (ppt) : 35
File wrapping             : OFF
------------------------------------------------------------
Assumed duration   (days) : 92.0
Battery utilization   (%) : 97.0
Battery level         (V) : 14.0
Recorder size        (MB) : 161
Recorder free space  (MB) : 156.604
Memory required      (MB) : 1.0
Vertical vel. prec (cm/s) : 0.7
Horizon. vel. prec (cm/s) : 2.1
------------------------------------------------------------
AquaPro Version 1.25
Copyright (C) 1997-2004 Nortek AS
============================================================



============================================================
Deployment   : GBJu06
Current time : 6/13/2006 4:08:53 PM
Start at     : 6/14/2006 6:00:00 PM
Comment:
New Alkaline battery installed 6/13/06
92 day delpoyment

------------------------------------------------------------
Profile interval      (s) : 1800
Number of cells           : 24
Cell size             (m) : 1.50
Average interval      (s) : 60
Blanking distance     (m) : 0.50
Number of wave samples    : N/A
Wave interval         (s) : N/A
Wave sampling rate   (Hz) : N/A
Wave cell size        (m) : N/A
Measurement load      (%) : 100
Power level               : HIGH-
Compass upd. rate     (s) : 1800
Coordinate System         : ENU
Speed of sound      (m/s) : MEASURED
Salinity            (ppt) : 35
File wrapping             : OFF
------------------------------------------------------------
Assumed duration   (days) : 92.0
Battery utilization   (%) : 97.0
Battery level         (V) : 14.0
Recorder size        (MB) : 161
Recorder free space  (MB) : 156.604
Memory required      (MB) : 1.0
Vertical vel. prec (cm/s) : 0.7
Horizon. vel. prec (cm/s) : 2.1
------------------------------------------------------------
AquaPro Version 1.25
Copyright (C) 1997-2004 Nortek AS
============================================================
