============================================================
Deployment   : HB0314
Current time : 3/24/2014 7:15:23 PM
Start at     : 3/25/2014 2:00:00 PM
Comment:
Hind Bank Deployment March 25th 2014 at 2PM GMT
------------------------------------------------------------
Profile interval      (s) : 3600
Number of cells           : 20
Cell size             (m) : 2.00
Blanking distance     (m) : 0.50
Measurement load      (%) : 50
Average interval      (s) : 60
Power level               : HIGH
Wave data collection      : DISABLED
Compass upd. rate     (s) : 3600
Coordinate System         : ENU
Speed of sound      (m/s) : MEASURED
Salinity            (ppt) : 35
Analog input 1            : NONE
Analog input 2            : NONE
Analog input power out    : DISABLED
File wrapping             : OFF
TellTale                  : OFF
Acoustic modem            : OFF
Serial output             : OFF
Baud rate                 : 9600
------------------------------------------------------------
Assumed duration   (days) : 90.0
Battery utilization   (%) : 47.0
Battery level         (V) : 11.7
Recorder size        (MB) : 161
Recorder free space  (MB) : 149.693
Memory required      (MB) : 0.4
Vertical vel. prec (cm/s) : 0.7
Horizon. vel. prec (cm/s) : 2.2
------------------------------------------------------------
Instrument ID             : AQD 1432
Head ID                   : AQP 1413
Firmware version          : 1.15
------------------------------------------------------------
AquaPro Version 1.36.06
Copyright (C) Nortek AS
============================================================
