============================================================
Deployment   : GBJa08
Current time : 1/23/2008 9:50:40 AM
Start at     : 1/25/2008 6:00:00 PM
Comment:
Lithium- Ion rechargable battery ID = 0033
Aquapro Ver 1.27
92 day deployment =April 26 ,2008 retrieval
------------------------------------------------------------
Profile interval      (s) : 1800
Number of cells           : 24
Cell size             (m) : 1.50
Average interval      (s) : 60
Blanking distance     (m) : 0.50
Number of wave samples    : N/A
Wave interval         (s) : N/A
Wave sampling rate   (Hz) : N/A
Wave cell size        (m) : N/A
Measurement load      (%) : 100
Power level               : HIGH-
Compass upd. rate     (s) : 1800
Coordinate System         : ENU
Speed of sound      (m/s) : MEASURED
Salinity            (ppt) : 35
File wrapping             : OFF
------------------------------------------------------------
Assumed duration   (days) : 92.0
Battery utilization   (%) : 97.0
Battery level         (V) : 11.9
Recorder size        (MB) : 161
Recorder free space  (MB) : 160.399
Memory required      (MB) : 1.0
Vertical vel. prec (cm/s) : 0.7
Horizon. vel. prec (cm/s) : 2.1
------------------------------------------------------------
AquaPro Version 1.27
Copyright (C) 1997-2005 Nortek AS
============================================================
