============================================================
Deployment   : GB1217
Current time : 12/11/17 5:00:09 PM
Start at     : 12/12/17 12:00:00 PM
Comment:
Grammanik Bank Traditional site swap  Rick Nemeth and Shaun Kadison on 12/12/17
------------------------------------------------------------
Profile interval      (s) : 3600
Number of cells           : 20
Cell size             (m) : 2.00
Blanking distance     (m) : 0.50
Measurement load      (%) : 50
Average interval      (s) : 60
Power level               : HIGH
Wave data collection      : DISABLED
Compass upd. rate     (s) : 3600
Coordinate System         : ENU
Speed of sound      (m/s) : MEASURED
Salinity            (ppt) : 35
Analog input 1            : NONE
Analog input 2            : NONE
Analog input power out    : DISABLED
File wrapping             : OFF
TellTale                  : ON
Acoustic modem            : ON
Serial output             : ON
Baud rate                 : 9600
------------------------------------------------------------
Assumed duration   (days) : 180.0
Battery utilization   (%) : 94.0
Battery level         (V) : 12.0
Recorder size        (MB) : 161
Recorder free space  (MB) : 159.885
Memory required      (MB) : 0.9
Vertical vel. prec (cm/s) : 0.7
Horizon. vel. prec (cm/s) : 2.2
------------------------------------------------------------
Instrument ID             : AQD 1531
Head ID                   : AQP 1286   
Firmware version          : 1.17
------------------------------------------------------------
AquaPro Version 1.37.01
Copyright (C) Nortek AS
============================================================
