============================================================
Deployment   : HB0815
Current time : 8/5/2015 5:04:41 PM
Start at     : 8/6/2015 1:00:00 PM
Comment:
Hind Bank ADCP swap out Tyler Smith
------------------------------------------------------------
Profile interval      (s) : 3600
Number of cells           : 20
Cell size             (m) : 2.00
Blanking distance     (m) : 0.50
Measurement load      (%) : 50
Average interval      (s) : 60
Power level               : HIGH
Wave data collection      : DISABLED
Compass upd. rate     (s) : 3600
Coordinate System         : ENU
Speed of sound      (m/s) : MEASURED
Salinity            (ppt) : 35
Analog input 1            : NONE
Analog input 2            : NONE
Analog input power out    : DISABLED
File wrapping             : OFF
TellTale                  : OFF
Acoustic modem            : OFF
Serial output             : OFF
Baud rate                 : 9600
------------------------------------------------------------
Assumed duration   (days) : 120.0
Battery utilization   (%) : 63.0
Battery level         (V) : 12.0
Recorder size        (MB) : 161
Recorder free space  (MB) : 157.915
Memory required      (MB) : 0.6
Vertical vel. prec (cm/s) : 0.7
Horizon. vel. prec (cm/s) : 2.2
------------------------------------------------------------
Instrument ID             : AQD 1514
Head ID                   : AQP 1318
Firmware version          : 1.17
------------------------------------------------------------
AquaPro Version 1.37.04
Copyright (C) Nortek AS
============================================================
