============================================================
Deployment   : GB1215
Current time : 12/9/2015 10:17:38 PM
Start at     : 12/10/2015 12:00:00 PM
Comment:
Grammanik Bank ADCP deployment Dec. 10, 2015
------------------------------------------------------------
Profile interval      (s) : 3600
Number of cells           : 20
Cell size             (m) : 2.00
Blanking distance     (m) : 0.50
Measurement load      (%) : 50
Average interval      (s) : 60
Power level               : HIGH
Wave data collection      : DISABLED
Compass upd. rate     (s) : 3600
Coordinate System         : ENU
Speed of sound      (m/s) : MEASURED
Salinity            (ppt) : 35
Analog input 1            : NONE
Analog input 2            : NONE
Analog input power out    : DISABLED
File wrapping             : OFF
TellTale                  : OFF
Acoustic modem            : OFF
Serial output             : OFF
Baud rate                 : 9600
------------------------------------------------------------
Assumed duration   (days) : 120.0
Battery utilization   (%) : 63.0
Battery level         (V) : 12.0
Recorder size        (MB) : 161
Recorder free space  (MB) : 151.750
Memory required      (MB) : 0.6
Vertical vel. prec (cm/s) : 0.7
Horizon. vel. prec (cm/s) : 2.2
------------------------------------------------------------
Instrument ID             : AQD 1545
Head ID                   : AQP 1304
Firmware version          : 1.13
------------------------------------------------------------
AquaPro Version 1.37.04
Copyright (C) Nortek AS
============================================================
