============================================================
Deployment   : HB0117
Current time : 01/17/2017 4:01:12 PM
Start at     : 01/17/2017 5:00:00 PM
Comment:
Hind Bank ADCP 1/17/2017 1:00 pm
------------------------------------------------------------
Profile interval      (s) : 3600
Number of cells           : 20
Cell size             (m) : 2.00
Blanking distance     (m) : 0.50
Measurement load      (%) : 50
Average interval      (s) : 60
Power level               : HIGH
Wave data collection      : DISABLED
Compass upd. rate     (s) : 3600
Coordinate System         : ENU
Speed of sound      (m/s) : MEASURED
Salinity            (ppt) : 35
Analog input 1            : NONE
Analog input 2            : NONE
Analog input power out    : DISABLED
File wrapping             : OFF
TellTale                  : OFF
Acoustic modem            : OFF
Serial output             : OFF
Baud rate                 : 9600
------------------------------------------------------------
Assumed duration   (days) : 180.0
Battery utilization   (%) : 94.0
Battery level         (V) : 11.9
Recorder size        (MB) : 161
Recorder free space  (MB) : 160.973
Memory required      (MB) : 0.9
Vertical vel. prec (cm/s) : 0.7
Horizon. vel. prec (cm/s) : 2.2
------------------------------------------------------------
Instrument ID             : AQD 1432
Head ID                   : AQP 1413
Firmware version          : 1.15
------------------------------------------------------------
AquaPro Version 1.37.04
Copyright (C) Nortek AS
============================================================
