============================================================
Deployment   : YF0509
Current time : 5/8/2009 3:24:32 PM
Start at     : 5/8/2009 4:00:00 PM
Comment:
Yellow Fin SPAG on Grammanik Bank
200 day deployment 05/08/2009
------------------------------------------------------------
Profile interval      (s) : 3600
Number of cells           : 36
Cell size             (m) : 1.00
Average interval      (s) : 60
Blanking distance     (m) : 0.50
Number of wave samples    : N/A
Wave interval         (s) : N/A
Wave sampling rate   (Hz) : N/A
Wave cell size        (m) : N/A
Measurement load      (%) : 100
Power level               : HIGH-
Compass upd. rate     (s) : 3600
Coordinate System         : ENU
Speed of sound      (m/s) : MEASURED
Salinity            (ppt) : 35
File wrapping             : OFF
------------------------------------------------------------
Assumed duration   (days) : 200.0
Battery utilization   (%) : 97.0
Battery level         (V) : 11.9
Recorder size        (MB) : 161
Recorder free space  (MB) : 156.309
Memory required      (MB) : 1.6
Vertical vel. prec (cm/s) : 1.0
Horizon. vel. prec (cm/s) : 3.1
------------------------------------------------------------
AquaPro Version 1.27
Copyright (C) 1997-2005 Nortek AS
============================================================
