============================================================
Deployment   : HB0808
Current time : 8/14/2008 4:39:52 PM
Start at     : 8/15/2008 6:00:00 PM
Comment:
STX labeled ADCP
------------------------------------------------------------
Profile interval      (s) : 3600
Number of cells           : 26
Cell size             (m) : 1.50
Average interval      (s) : 60
Blanking distance     (m) : 0.51
Number of wave samples    : N/A
Wave interval         (s) : N/A
Wave sampling rate   (Hz) : N/A
Wave cell size        (m) : N/A
Measurement load      (%) : 100
Power level               : HIGH-
Compass upd. rate     (s) : 1800
Coordinate System         : ENU
Speed of sound      (m/s) : MEASURED
Salinity            (ppt) : 35
File wrapping             : OFF
------------------------------------------------------------
Assumed duration   (days) : 170.0
Battery utilization   (%) : 98.0
Battery level         (V) : 12.0
Recorder size        (MB) : 161
Recorder free space  (MB) : 160.376
Memory required      (MB) : 1.0
Vertical vel. prec (cm/s) : 0.7
Horizon. vel. prec (cm/s) : 2.1
------------------------------------------------------------
AquaPro Version 1.27
Copyright (C) 1997-2005 Nortek AS
============================================================
