============================================================
Deployment   : HB0316
Current time : 03/16/2016 4:55:17 PM
Start at     : 03/16/2016 12:55:11 PM
Comment:
ACDP deployment to Hind Bank - Shaun Kadison leading
------------------------------------------------------------
Profile interval      (s) : 3600
Number of cells           : 20
Cell size             (m) : 2.00
Blanking distance     (m) : 0.50
Measurement load      (%) : 50
Average interval      (s) : 60
Power level               : HIGH
Wave data collection      : DISABLED
Compass upd. rate     (s) : 3600
Coordinate System         : ENU
Speed of sound      (m/s) : MEASURED
Salinity            (ppt) : 35
Analog input 1            : NONE
Analog input 2            : NONE
Analog input power out    : DISABLED
File wrapping             : OFF
TellTale                  : OFF
Acoustic modem            : OFF
Serial output             : OFF
Baud rate                 : 9600
------------------------------------------------------------
Assumed duration   (days) : 30.0
Battery utilization   (%) : 15.0
Battery level         (V) : 11.8
Recorder size        (MB) : 161
Recorder free space  (MB) : 157.788
Memory required      (MB) : 0.1
Vertical vel. prec (cm/s) : 0.7
Horizon. vel. prec (cm/s) : 2.2
------------------------------------------------------------
Instrument ID             : AQD 1551
Head ID                   : AQP 1303
Firmware version          : 1.17
------------------------------------------------------------
AquaPro Version 1.37.04
Copyright (C) Nortek AS
============================================================
